# JRE version: Java(TM) SE Runtime Environment (24.0.2+12) (build 24.0.2+12-54)
# Java VM: Java HotSpot(TM) 64-Bit Server VM (24.0.2+12-54, mixed mode, sharing, tiered, compressed oops, compressed class ptrs, g1 gc, windows-amd64)
GC Precious Log:
 CardTable entry size: 512
 Card Set container configuration: InlinePtr #cards 5 size 8 Array Of Cards #cards 10 size 36 Howl #buckets 4 coarsen threshold 1843 Howl Bitmap #cards 512 size 80 coarsen threshold 460 Card regions per heap region 1 cards per card region 2048
 CPUs: 4 total, 4 available
 Memory: 3863M
 Large Page Support: Disabled
 NUMA Support: Disabled
 Compressed Oops: Enabled (32-bit)
 Heap Region Size: 1M
 Heap Min Capacity: 8M
 Heap Initial Capacity: 62M
 Heap Max Capacity: 966M
 Pre-touch: Disabled
 Parallel Workers: 4
 Concurrent Workers: 1
 Concurrent Refinement Workers: 4
 Periodic GC: Disabled
Heap:
 garbage-first heap   total reserved 989184K, committed 71680K, used 55346K [0x00000000c3a00000, 0x0000000100000000)
  region size 1024K, 17 young (17408K), 2 survivors (2048K)
 Metaspace       used 90460K, committed 91200K, reserved 1179648K
  class space    used 10194K, committed 10496K, reserved 1048576K
GC Heap History (20 events):
Event: 14.975 GC heap before
{Heap before GC invocations=12 (full 0):
 garbage-first heap   total reserved 989184K, committed 58368K, used 49491K [0x00000000c3a00000, 0x0000000100000000)
  region size 1024K, 23 young (23552K), 2 survivors (2048K)
 Metaspace       used 51977K, committed 52480K, reserved 1114112K
  class space    used 5470K, committed 5696K, reserved 1048576K
}
Event: 14.984 GC heap after
{Heap after GC invocations=13 (full 0):
 garbage-first heap   total reserved 989184K, committed 58368K, used 30705K [0x00000000c3a00000, 0x0000000100000000)
  region size 1024K, 2 young (2048K), 2 survivors (2048K)
 Metaspace       used 51977K, committed 52480K, reserved 1114112K
  class space    used 5470K, committed 5696K, reserved 1048576K
}
Event: 15.793 GC heap before
{Heap before GC invocations=14 (full 0):
 garbage-first heap   total reserved 989184K, committed 58368K, used 50161K [0x00000000c3a00000, 0x0000000100000000)
  region size 1024K, 22 young (22528K), 2 survivors (2048K)
 Metaspace       used 57679K, committed 58240K, reserved 1114112K
  class space    used 5963K, committed 6208K, reserved 1048576K
}
Event: 15.799 GC heap after
{Heap after GC invocations=15 (full 0):
 garbage-first heap   total reserved 989184K, committed 58368K, used 31338K [0x00000000c3a00000, 0x0000000100000000)
  region size 1024K, 3 young (3072K), 3 survivors (3072K)
 Metaspace       used 57679K, committed 58240K, reserved 1114112K
  class space    used 5963K, committed 6208K, reserved 1048576K
}
Event: 16.349 GC heap before
{Heap before GC invocations=15 (full 0):
 garbage-first heap   total reserved 989184K, committed 58368K, used 48746K [0x00000000c3a00000, 0x0000000100000000)
  region size 1024K, 21 young (21504K), 3 survivors (3072K)
 Metaspace       used 64278K, committed 64832K, reserved 1114112K
  class space    used 6792K, committed 7040K, reserved 1048576K
}
Event: 16.355 GC heap after
{Heap after GC invocations=16 (full 0):
 garbage-first heap   total reserved 989184K, committed 58368K, used 32296K [0x00000000c3a00000, 0x0000000100000000)
  region size 1024K, 2 young (2048K), 2 survivors (2048K)
 Metaspace       used 64278K, committed 64832K, reserved 1114112K
  class space    used 6792K, committed 7040K, reserved 1048576K
}
Event: 16.901 GC heap before
{Heap before GC invocations=16 (full 0):
 garbage-first heap   total reserved 989184K, committed 58368K, used 50728K [0x00000000c3a00000, 0x0000000100000000)
  region size 1024K, 21 young (21504K), 2 survivors (2048K)
 Metaspace       used 68889K, committed 69440K, reserved 1114112K
  class space    used 7338K, committed 7552K, reserved 1048576K
}
Event: 16.905 GC heap after
{Heap after GC invocations=17 (full 0):
 garbage-first heap   total reserved 989184K, committed 58368K, used 33260K [0x00000000c3a00000, 0x0000000100000000)
  region size 1024K, 2 young (2048K), 2 survivors (2048K)
 Metaspace       used 68889K, committed 69440K, reserved 1114112K
  class space    used 7338K, committed 7552K, reserved 1048576K
}
Event: 17.766 GC heap before
{Heap before GC invocations=18 (full 0):
 garbage-first heap   total reserved 989184K, committed 58368K, used 51692K [0x00000000c3a00000, 0x0000000100000000)
  region size 1024K, 20 young (20480K), 2 survivors (2048K)
 Metaspace       used 71739K, committed 72320K, reserved 1114112K
  class space    used 7650K, committed 7872K, reserved 1048576K
}
Event: 17.774 GC heap after
{Heap after GC invocations=19 (full 0):
 garbage-first heap   total reserved 989184K, committed 58368K, used 34571K [0x00000000c3a00000, 0x0000000100000000)
  region size 1024K, 3 young (3072K), 3 survivors (3072K)
 Metaspace       used 71739K, committed 72320K, reserved 1114112K
  class space    used 7650K, committed 7872K, reserved 1048576K
}
Event: 18.699 GC heap before
{Heap before GC invocations=19 (full 0):
 garbage-first heap   total reserved 989184K, committed 58368K, used 49931K [0x00000000c3a00000, 0x0000000100000000)
  region size 1024K, 19 young (19456K), 3 survivors (3072K)
 Metaspace       used 74134K, committed 74752K, reserved 1179648K
  class space    used 7912K, committed 8192K, reserved 1048576K
}
Event: 18.707 GC heap after
{Heap after GC invocations=20 (full 0):
 garbage-first heap   total reserved 989184K, committed 58368K, used 35541K [0x00000000c3a00000, 0x0000000100000000)
  region size 1024K, 3 young (3072K), 3 survivors (3072K)
 Metaspace       used 74134K, committed 74752K, reserved 1179648K
  class space    used 7912K, committed 8192K, reserved 1048576K
}
Event: 19.301 GC heap before
{Heap before GC invocations=20 (full 0):
 garbage-first heap   total reserved 989184K, committed 58368K, used 50901K [0x00000000c3a00000, 0x0000000100000000)
  region size 1024K, 18 young (18432K), 3 survivors (3072K)
 Metaspace       used 75777K, committed 76416K, reserved 1179648K
  class space    used 8126K, committed 8384K, reserved 1048576K
}
Event: 19.311 GC heap after
{Heap after GC invocations=21 (full 0):
 garbage-first heap   total reserved 989184K, committed 70656K, used 36884K [0x00000000c3a00000, 0x0000000100000000)
  region size 1024K, 3 young (3072K), 3 survivors (3072K)
 Metaspace       used 75777K, committed 76416K, reserved 1179648K
  class space    used 8126K, committed 8384K, reserved 1048576K
}
Event: 20.289 GC heap before
{Heap before GC invocations=22 (full 0):
 garbage-first heap   total reserved 989184K, committed 70656K, used 61460K [0x00000000c3a00000, 0x0000000100000000)
  region size 1024K, 28 young (28672K), 3 survivors (3072K)
 Metaspace       used 79133K, committed 79808K, reserved 1179648K
  class space    used 8561K, committed 8832K, reserved 1048576K
}
Event: 20.298 GC heap after
{Heap after GC invocations=23 (full 0):
 garbage-first heap   total reserved 989184K, committed 70656K, used 39327K [0x00000000c3a00000, 0x0000000100000000)
  region size 1024K, 4 young (4096K), 4 survivors (4096K)
 Metaspace       used 79133K, committed 79808K, reserved 1179648K
  class space    used 8561K, committed 8832K, reserved 1048576K
}
Event: 21.679 GC heap before
{Heap before GC invocations=23 (full 0):
 garbage-first heap   total reserved 989184K, committed 70656K, used 60831K [0x00000000c3a00000, 0x0000000100000000)
  region size 1024K, 26 young (26624K), 4 survivors (4096K)
 Metaspace       used 83932K, committed 84608K, reserved 1179648K
  class space    used 9447K, committed 9728K, reserved 1048576K
}
Event: 21.690 GC heap after
{Heap after GC invocations=24 (full 0):
 garbage-first heap   total reserved 989184K, committed 70656K, used 40611K [0x00000000c3a00000, 0x0000000100000000)
  region size 1024K, 3 young (3072K), 3 survivors (3072K)
 Metaspace       used 83932K, committed 84608K, reserved 1179648K
  class space    used 9447K, committed 9728K, reserved 1048576K
}
Event: 186.460 GC heap before
{Heap before GC invocations=24 (full 0):
 garbage-first heap   total reserved 989184K, committed 70656K, used 61091K [0x00000000c3a00000, 0x0000000100000000)
  region size 1024K, 24 young (24576K), 3 survivors (3072K)
 Metaspace       used 88042K, committed 88832K, reserved 1179648K
  class space    used 9892K, committed 10240K, reserved 1048576K
}
Event: 186.529 GC heap after
{Heap after GC invocations=25 (full 0):
 garbage-first heap   total reserved 989184K, committed 70656K, used 42034K [0x00000000c3a00000, 0x0000000100000000)
  region size 1024K, 2 young (2048K), 2 survivors (2048K)
 Metaspace       used 88042K, committed 88832K, reserved 1179648K
  class space    used 9892K, committed 10240K, reserved 1048576K
}

